#
# There is insufficient memory for the Java Runtime Environment to continue.
# Native memory allocation (mmap) failed to map 536870912 bytes for G1 virtual space
# Possible reasons:
#   The system is out of physical RAM or swap space
#   The process is running with CompressedOops enabled, and the Java Heap may be blocking the growth of the native heap
# Possible solutions:
#   Reduce memory load on the system
#   Increase physical memory or swap space
#   Check if swap backing store is full
#   Decrease Java heap size (-Xmx/-Xms)
#   Decrease number of Java threads
#   Decrease Java thread stack sizes (-Xss)
#   Set larger code cache with -XX:ReservedCodeCacheSize=
#   JVM is running with Zero Based Compressed Oops mode in which the Java heap is
#     placed in the first 32GB address space. The Java Heap base address is the
#     maximum limit for the native heap growth. Please use -XX:HeapBaseMinAddress
#     to set the Java Heap base and to place the Java Heap above 32GB virtual address.
# This output file may be truncated or incomplete.
#
#  Out of Memory Error (./open/src/hotspot/os/windows/os_windows.cpp:3321), pid=3648, tid=9868
#
# JRE version:  (15.0.2+7) (build )
# Java VM: OpenJDK 64-Bit Server VM (15.0.2+7-27, mixed mode, sharing, tiered, compressed oops, g1 gc, windows-amd64)
# No core dump will be written. Minidumps are not enabled by default on client versions of Windows
#

---------------  S U M M A R Y ------------

Command Line: -javaagent:C:\Users\Max\AppData\Local\JetBrains\IntelliJ IDEA 2020.3.2\lib\idea_rt.jar=61714:C:\Users\Max\AppData\Local\JetBrains\IntelliJ IDEA 2020.3.2\bin -Dfile.encoding=UTF-8 geekbrains.Main

Host: Intel(R) Core(TM) i3-9100F CPU @ 3.60GHz, 4 cores, 31G,  Windows 10 , 64 bit Build 18362 (10.0.18362.1316)
Time: Mon Mar  8 22:38:29 2021 RTZ 2 (ceia) elapsed time: 0.020697 seconds (0d 0h 0m 0s)

---------------  T H R E A D  ---------------

Current thread (0x00000225299524b0):  JavaThread "Unknown thread" [_thread_in_vm, id=9868, stack(0x000000ab9b400000,0x000000ab9b500000)]

Stack: [0x000000ab9b400000,0x000000ab9b500000]
Native frames: (J=compiled Java code, j=interpreted, Vv=VM code, C=native code)
V  [jvm.dll+0x62ae9a]
V  [jvm.dll+0x7817a9]
V  [jvm.dll+0x782f03]
V  [jvm.dll+0x783563]
V  [jvm.dll+0x216325]
V  [jvm.dll+0x6281d9]
V  [jvm.dll+0x61cf55]
V  [jvm.dll+0x2cffdd]
V  [jvm.dll+0x2cfe42]
V  [jvm.dll+0x2d5e1c]
V  [jvm.dll+0x32590a]
V  [jvm.dll+0x324fd4]
V  [jvm.dll+0x2a6f5a]
V  [jvm.dll+0x2a80f8]
V  [jvm.dll+0x75e241]
V  [jvm.dll+0x3341c4]
V  [jvm.dll+0x73e926]
V  [jvm.dll+0x3b7557]
V  [jvm.dll+0x3b8fe1]
C  [jli.dll+0x52fb]
C  [ucrtbase.dll+0x210b2]
C  [KERNEL32.DLL+0x17c24]
C  [ntdll.dll+0x6d4d1]


---------------  P R O C E S S  ---------------

Threads class SMR info:
_java_thread_list=0x00007ff814dd4ff0, length=0, elements={
}

Java Threads: ( => current thread )

Other Threads:
  0x00000225299c78c0 GCTaskThread "GC Thread#0" [stack: 0x000000ab9b500000,0x000000ab9b600000] [id=16208]
  0x00000225299da8d0 ConcurrentGCThread "G1 Main Marker" [stack: 0x000000ab9b600000,0x000000ab9b700000] [id=14448]
  0x00000225299dbcb0 ConcurrentGCThread "G1 Conc#0" [stack: 0x000000ab9b700000,0x000000ab9b800000] [id=13580]

[error occurred during error reporting (printing all threads), id 0xc0000005, EXCEPTION_ACCESS_VIOLATION (0xc0000005) at pc=0x00007ff8145c7e27]

VM state: not at safepoint (not fully initialized)

VM Mutex/Monitor currently owned by a thread:  ([mutex/lock_event])
[0x000002252994d1e0] Heap_lock - owner thread: 0x00000225299524b0

Heap address: 0x0000000600c00000, size: 8180 MB, Compressed Oops mode: Zero based, Oop shift amount: 3
CDS archive(s) mapped at: [0x0000000000000000-0x0000000000000000-0x0000000000000000), size 0, SharedBaseAddress: 0x0000000800000000, ArchiveRelocationMode: 0.
Narrow klass base: 0x0000000000000000, Narrow klass shift: 0, Narrow klass range: 0x0

Heap:
 garbage-first heap   total 524288K, used 0K [0x0000000600c00000, 0x0000000800000000)
  region size 4096K, 0 young (0K), 0 survivors (0K)
 Metaspace       used 0K, capacity 0K, committed 0K, reserved 0K
  class space    used 0K, capacity 0K, committed 0K, reserved 0K

Heap Regions: E=young(eden), S=young(survivor), O=old, HS=humongous(starts), HC=humongous(continues), CS=collection set, F=free, OA=open archive, CA=closed archive, TAMS=top-at-mark-start (previous, next)

Card table byte_map: [0x0000022541b80000,0x0000022542b80000] _byte_map_base: 0x000002253eb7a000

Marking Bits (Prev, Next): (CMBitMap*) 0x00000225299c9fe0, (CMBitMap*) 0x00000225299ca020
 Prev Bits: [0x0000022543b80000, 0x000002254bb50000)
 Next Bits: [0x000002254bb50000, 0x0000022553b20000)

GC Heap History (0 events):
No events

Deoptimization events (0 events):
No events

Classes unloaded (0 events):
No events

Classes redefined (0 events):
No events

Internal exceptions (0 events):
No events

Events (1 events):
Event: 0.009 Loaded shared library C:\Users\Max\.jdks\openjdk-15.0.2\bin\java.dll


Dynamic libraries:
0x00007ff7238c0000 - 0x00007ff7238cd000 	C:\Users\Max\.jdks\openjdk-15.0.2\bin\java.exe
0x00007ff83dc00000 - 0x00007ff83ddf0000 	C:\WINDOWS\SYSTEM32\ntdll.dll
0x00007ff83cc20000 - 0x00007ff83ccd2000 	C:\WINDOWS\System32\KERNEL32.DLL
0x00007ff83b5d0000 - 0x00007ff83b875000 	C:\WINDOWS\System32\KERNELBASE.dll
0x00007ff83b9e0000 - 0x00007ff83bada000 	C:\WINDOWS\System32\ucrtbase.dll
0x00007ff8326e0000 - 0x00007ff8326f8000 	C:\Users\Max\.jdks\openjdk-15.0.2\bin\jli.dll
0x00007ff832700000 - 0x00007ff832719000 	C:\Users\Max\.jdks\openjdk-15.0.2\bin\VCRUNTIME140.dll
0x00007ff829b60000 - 0x00007ff829de4000 	C:\WINDOWS\WinSxS\amd64_microsoft.windows.common-controls_6595b64144ccf1df_6.0.18362.1316_none_9e7a364fe461dbd7\COMCTL32.dll
0x00007ff83d5f0000 - 0x00007ff83d68e000 	C:\WINDOWS\System32\msvcrt.dll
0x00007ff83be70000 - 0x00007ff83c1a7000 	C:\WINDOWS\System32\combase.dll
0x00007ff83d4d0000 - 0x00007ff83d5ef000 	C:\WINDOWS\System32\RPCRT4.dll
0x00007ff83ab80000 - 0x00007ff83ac01000 	C:\WINDOWS\System32\bcryptPrimitives.dll
0x00007ff83d690000 - 0x00007ff83d6b6000 	C:\WINDOWS\System32\GDI32.dll
0x00007ff83bc80000 - 0x00007ff83bca1000 	C:\WINDOWS\System32\win32u.dll
0x00007ff83bae0000 - 0x00007ff83bc78000 	C:\WINDOWS\System32\gdi32full.dll
0x00007ff83ac60000 - 0x00007ff83acfe000 	C:\WINDOWS\System32\msvcp_win.dll
0x00000225276d0000 - 0x0000022527864000 	C:\WINDOWS\System32\USER32.dll
0x00007ff83d1c0000 - 0x00007ff83d1ee000 	C:\WINDOWS\System32\IMM32.DLL
0x00007ff837d30000 - 0x00007ff837d3c000 	C:\Users\Max\.jdks\openjdk-15.0.2\bin\vcruntime140_1.dll
0x00007ff81b9d0000 - 0x00007ff81ba61000 	C:\Users\Max\.jdks\openjdk-15.0.2\bin\msvcp140.dll
0x00007ff814310000 - 0x00007ff814e6e000 	C:\Users\Max\.jdks\openjdk-15.0.2\bin\server\jvm.dll
0x00007ff83c350000 - 0x00007ff83c3f3000 	C:\WINDOWS\System32\ADVAPI32.dll
0x00007ff83cb80000 - 0x00007ff83cc17000 	C:\WINDOWS\System32\sechost.dll
0x00007ff83cb70000 - 0x00007ff83cb78000 	C:\WINDOWS\System32\PSAPI.DLL
0x00007ff822f00000 - 0x00007ff822f09000 	C:\WINDOWS\SYSTEM32\WSOCK32.dll
0x00007ff83d6c0000 - 0x00007ff83d72f000 	C:\WINDOWS\System32\WS2_32.dll
0x00007ff838ac0000 - 0x00007ff838ae4000 	C:\WINDOWS\SYSTEM32\WINMM.dll
0x00007ff834cd0000 - 0x00007ff834cda000 	C:\WINDOWS\SYSTEM32\VERSION.dll
0x00007ff838960000 - 0x00007ff83898d000 	C:\WINDOWS\SYSTEM32\WINMMBASE.dll
0x00007ff83ac10000 - 0x00007ff83ac5a000 	C:\WINDOWS\System32\cfgmgr32.dll
0x00007ff83ab60000 - 0x00007ff83ab71000 	C:\WINDOWS\System32\kernel.appcore.dll
0x00007ff8366e0000 - 0x00007ff8366ea000 	C:\Users\Max\.jdks\openjdk-15.0.2\bin\jimage.dll
0x00007ff829f60000 - 0x00007ff82a154000 	C:\WINDOWS\SYSTEM32\DBGHELP.DLL
0x00007ff82a200000 - 0x00007ff82a22a000 	C:\WINDOWS\SYSTEM32\dbgcore.DLL
0x00007ff834b50000 - 0x00007ff834b5e000 	C:\Users\Max\.jdks\openjdk-15.0.2\bin\instrument.dll
0x00007ff8326b0000 - 0x00007ff8326d5000 	C:\Users\Max\.jdks\openjdk-15.0.2\bin\java.dll

dbghelp: loaded successfully - version: 4.0.5 - missing functions: none
symbol engine: initialized successfully - sym options: 0x614 - pdb path: .;C:\Users\Max\.jdks\openjdk-15.0.2\bin;C:\WINDOWS\SYSTEM32;C:\WINDOWS\WinSxS\amd64_microsoft.windows.common-controls_6595b64144ccf1df_6.0.18362.1316_none_9e7a364fe461dbd7;C:\Users\Max\.jdks\openjdk-15.0.2\bin\server

VM Arguments:
jvm_args: -javaagent:C:\Users\Max\AppData\Local\JetBrains\IntelliJ IDEA 2020.3.2\lib\idea_rt.jar=61714:C:\Users\Max\AppData\Local\JetBrains\IntelliJ IDEA 2020.3.2\bin -Dfile.encoding=UTF-8 
java_command: geekbrains.Main
java_class_path (initial): C:\Code\java\java\out\production\java
Launcher Type: SUN_STANDARD

[Global flags]
     intx CICompilerCount                          = 3                                         {product} {ergonomic}
     uint ConcGCThreads                            = 1                                         {product} {ergonomic}
     uint G1ConcRefinementThreads                  = 4                                         {product} {ergonomic}
   size_t G1HeapRegionSize                         = 4194304                                   {product} {ergonomic}
    uintx GCDrainStackTargetSize                   = 64                                        {product} {ergonomic}
   size_t InitialHeapSize                          = 536870912                                 {product} {ergonomic}
   size_t MarkStackSize                            = 4194304                                   {product} {ergonomic}
   size_t MaxHeapSize                              = 8577351680                                {product} {ergonomic}
   size_t MinHeapDeltaBytes                        = 4194304                                   {product} {ergonomic}
   size_t MinHeapSize                              = 8388608                                   {product} {ergonomic}
    uintx NonNMethodCodeHeapSize                   = 5832780                                {pd product} {ergonomic}
    uintx NonProfiledCodeHeapSize                  = 122912730                              {pd product} {ergonomic}
    uintx ProfiledCodeHeapSize                     = 122912730                              {pd product} {ergonomic}
    uintx ReservedCodeCacheSize                    = 251658240                              {pd product} {ergonomic}
     bool SegmentedCodeCache                       = true                                      {product} {ergonomic}
   size_t SoftMaxHeapSize                          = 8577351680                             {manageable} {ergonomic}
     bool UseCompressedClassPointers               = true                                 {lp64_product} {ergonomic}
     bool UseCompressedOops                        = true                                 {lp64_product} {ergonomic}
     bool UseG1GC                                  = true                                      {product} {ergonomic}
     bool UseLargePagesIndividualAllocation        = false                                  {pd product} {ergonomic}

Logging:
Log output configuration:
 #0: stdout all=warning uptime,level,tags
 #1: stderr all=off uptime,level,tags

Environment Variables:
PATH=C:\Program Files (x86)\Common Files\Oracle\Java\javapath;C:\WINDOWS\system32;C:\WINDOWS;C:\WINDOWS\System32\Wbem;C:\WINDOWS\System32\WindowsPowerShell\v1.0\;C:\WINDOWS\System32\OpenSSH\;C:\HashiCorp\Vagrant\bin;C:\Program Files\Git\cmd;C:\Program Files\Docker\Docker\resources\bin;C:\ProgramData\DockerDesktop\version-bin;C:\Program Files\nodejs\;C:\Program Files (x86)\Yarn\bin\;C:\Users\Max\AppData\Local\Microsoft\WindowsApps;;C:\Program Files\JetBrains\PhpStorm 2020.3.1\bin;;C:\Program Files (x86)\Midnight Commander;C:\Program Files\JetBrains\PyCharm 2020.3.2\bin;;C:\Users\Max\AppData\Local\JetBrains\IntelliJ IDEA 2020.3.2\bin;;C:\Users\Max\AppData\Roaming\npm;C:\Users\Max\AppData\Local\Yarn\bin;C:\Users\Max\AppData\Local\JetBrains\WebStorm 2020.3.2\bin;;C:\Program Files\JetBrains\DataGrip 2020.3.2\bin;
USERNAME=Max
OS=Windows_NT
PROCESSOR_IDENTIFIER=Intel64 Family 6 Model 158 Stepping 10, GenuineIntel



---------------  S Y S T E M  ---------------

OS:
 Windows 10 , 64 bit Build 18362 (10.0.18362.1316)
OS uptime: 6 days 9:27 hours
HyperV virtualization detected

CPU: total 4 (initial active 4) (4 cores per cpu, 1 threads per core) family 6 model 158 stepping 10 microcode 0xca, cmov, cx8, fxsr, mmx, sse, sse2, sse3, ssse3, sse4.1, sse4.2, popcnt, vzeroupper, avx, avx2, aes, clmul, erms, 3dnowpref, lzcnt, tsc, tscinvbit, bmi1, bmi2, adx, fma, clflush, clflushopt

Memory: 4k page, system-wide physical 32711M (5536M free)
TotalPageFile size 32711M (AvailPageFile size 493M)
current process WorkingSet (physical memory assigned to process): 10M, peak: 10M
current process commit charge ("private bytes"): 52M, peak: 564M

vm_info: OpenJDK 64-Bit Server VM (15.0.2+7-27) for windows-amd64 JRE (15.0.2+7-27), built on Dec  7 2020 20:02:38 by "mach5one" with unknown MS VC++:1925

END.
